[2020-07-09 08:02:41,285] [INFO]: INITIALIZING URS.
[2020-07-09 08:02:41,286] [INFO]: 
[2020-07-09 08:02:42,007] [INFO]: HELP WAS DISPLAYED.

[2020-07-09 08:06:52,674] [INFO]: INITIALIZING URS.
[2020-07-09 08:06:52,674] [INFO]: 
[2020-07-09 08:06:53,950] [INFO]: Successfully logged in as u/justherefortheapi.
[2020-07-09 08:06:53,950] [INFO]: 
[2020-07-09 08:06:53,951] [INFO]: RUNNING SUBREDDIT SCRAPER.
[2020-07-09 08:06:53,951] [INFO]: 
[2020-07-09 08:07:00,931] [INFO]: Scraping r/wallstreetbets for 100 Hot results...
[2020-07-09 08:07:00,931] [INFO]: 
[2020-07-09 08:07:00,931] [INFO]: SUBREDDIT SCRAPER FINISHED IN 6.98 SECONDS.
[2020-07-09 08:07:00,931] [INFO]: 
[2020-07-09 08:07:00,931] [INFO]: Exporting to JSON.
[2020-07-09 08:07:00,931] [INFO]: 
[2020-07-09 08:07:00,931] [INFO]: URS COMPLETED SCRAPES IN 8.26 SECONDS.

[2020-07-09 08:10:27,208] [INFO]: INITIALIZING URS.
[2020-07-09 08:10:27,208] [INFO]: 
[2020-07-09 08:10:28,059] [INFO]: Successfully logged in as u/justherefortheapi.
[2020-07-09 08:10:28,060] [INFO]: 
[2020-07-09 08:10:28,060] [INFO]: RUNNING COMMENTS SCRAPER.
[2020-07-09 08:10:28,060] [INFO]: 
[2020-07-09 08:15:03,875] [INFO]: Processing all comments in raw format from Reddit post https://www.reddit.com/r/wallstreetbets/comments/ho0krw/daily_discussion_thread_for_july_09_2020/
[2020-07-09 08:15:03,876] [INFO]: 
[2020-07-09 08:15:03,876] [INFO]: COMMENTS SCRAPER FINISHED IN 275.82 SECONDS.
[2020-07-09 08:15:03,876] [INFO]: 
[2020-07-09 08:15:03,876] [INFO]: Exporting to JSON.
[2020-07-09 08:15:03,876] [INFO]: 
[2020-07-09 08:15:03,876] [INFO]: URS COMPLETED SCRAPES IN 276.67 SECONDS.

[2020-07-09 08:21:37,192] [INFO]: INITIALIZING URS.
[2020-07-09 08:21:37,192] [INFO]: 
[2020-07-09 08:21:37,202] [INFO]: HELP WAS DISPLAYED.

[2020-07-09 08:22:03,434] [INFO]: INITIALIZING URS.
[2020-07-09 08:22:03,434] [INFO]: 
[2020-07-09 08:22:04,422] [INFO]: Successfully logged in as u/justherefortheapi.
[2020-07-09 08:22:04,422] [INFO]: 
[2020-07-09 08:22:04,422] [INFO]: RUNNING COMMENTS SCRAPER.
[2020-07-09 08:22:04,423] [INFO]: 
[2020-07-09 08:22:35,099] [WARNING]: Retrying due to ReadTimeout(ReadTimeoutError("HTTPSConnectionPool(host='oauth.reddit.com', port=443): Read timed out. (read timeout=16)")) status: GET https://oauth.reddit.com/comments/hnofn2/
[2020-07-09 08:22:52,575] [WARNING]: Retrying due to ReadTimeout(ReadTimeoutError("HTTPSConnectionPool(host='oauth.reddit.com', port=443): Read timed out. (read timeout=16)")) status: GET https://oauth.reddit.com/comments/hnofn2/
[2020-07-09 09:21:23,259] [INFO]: Processing all comments in raw format from Reddit post https://www.reddit.com/r/wallstreetbets/comments/hnofn2/what_are_your_moves_tomorrow_july_09_2020/
[2020-07-09 09:21:23,259] [INFO]: 
[2020-07-09 09:21:23,259] [INFO]: COMMENTS SCRAPER FINISHED IN 3558.84 SECONDS.
[2020-07-09 09:21:23,259] [INFO]: 
[2020-07-09 09:21:23,259] [INFO]: Exporting to JSON.
[2020-07-09 09:21:23,259] [INFO]: 
[2020-07-09 09:21:23,259] [INFO]: URS COMPLETED SCRAPES IN 3559.82 SECONDS.

